<?xml version="1.0" encoding="UTF-8"?>
<!-- Generated by org.testng.reporters.JUnitXMLReporter -->
<testsuite ignored="1" hostname="MSI" failures="0" tests="2" name="Default test" time="1.761" errors="0" timestamp="2022-04-21T20:42:11 EDT">
  <testcase classname="DataDrivenExamples" name="test_post" time="1.659"/>
  <testcase classname="DataDrivenExamples" name="test_post" time="0.054"/>
  <testcase classname="DataDrivenExamples" name="test_delete" time="0.0">
    <ignored/>
  </testcase> <!-- test_delete -->
</testsuite> <!-- Default test -->
